2017-12-13 15:08:31,992 INFO o.a.j.u.JMeterUtils: Setting Locale to en_US
2017-12-13 15:08:32,055 INFO o.a.j.JMeter: Loading user properties from: user.properties
2017-12-13 15:08:32,055 INFO o.a.j.JMeter: Loading system properties from: system.properties
2017-12-13 15:08:32,071 INFO o.a.j.JMeter: Copyright (c) 1998-2017 The Apache Software Foundation
2017-12-13 15:08:32,071 INFO o.a.j.JMeter: Version 3.3 r1808647
2017-12-13 15:08:32,071 INFO o.a.j.JMeter: java.version=1.8.0_101
2017-12-13 15:08:32,071 INFO o.a.j.JMeter: java.vm.name=Java HotSpot(TM) 64-Bit Server VM
2017-12-13 15:08:32,071 INFO o.a.j.JMeter: os.name=Windows 8.1
2017-12-13 15:08:32,071 INFO o.a.j.JMeter: os.arch=amd64
2017-12-13 15:08:32,071 INFO o.a.j.JMeter: os.version=6.3
2017-12-13 15:08:32,071 INFO o.a.j.JMeter: file.encoding=Cp1252
2017-12-13 15:08:32,071 INFO o.a.j.JMeter: Max memory     =536870912
2017-12-13 15:08:32,071 INFO o.a.j.JMeter: Available Processors =4
2017-12-13 15:08:32,086 INFO o.a.j.JMeter: Default Locale=English (United States)
2017-12-13 15:08:32,086 INFO o.a.j.JMeter: JMeter  Locale=English (United States)
2017-12-13 15:08:32,086 INFO o.a.j.JMeter: JMeterHome=D:\apache-jmeter-3.3 (1)\apache-jmeter-3.3
2017-12-13 15:08:32,086 INFO o.a.j.JMeter: user.dir  =D:\apache-jmeter-3.3 (1)\apache-jmeter-3.3\bin
2017-12-13 15:08:32,086 INFO o.a.j.JMeter: PWD       =D:\apache-jmeter-3.3 (1)\apache-jmeter-3.3\bin
2017-12-13 15:08:32,086 INFO o.a.j.JMeter: IP: 10.6.186.79 Name: BLRPRAGWN25897 FullName: BLRPRAGWN25897.ITCINFOTECH.com
2017-12-13 15:08:33,211 INFO o.a.j.g.a.LookAndFeelCommand: Using look and feel: javax.swing.plaf.metal.MetalLookAndFeel [Metal, CrossPlatform]
2017-12-13 15:08:33,227 INFO o.a.j.JMeter: Loaded icon properties from org/apache/jmeter/images/icon.properties
2017-12-13 15:08:34,524 INFO o.a.j.e.u.CompoundVariable: Note: Function class names must contain the string: '.functions.'
2017-12-13 15:08:34,524 INFO o.a.j.e.u.CompoundVariable: Note: Function class names must not contain the string: '.gui.'
2017-12-13 15:08:36,584 INFO o.a.j.g.u.MenuFactory: Skipping org.apache.jmeter.assertions.BSFAssertion
2017-12-13 15:08:37,481 INFO o.a.j.g.u.MenuFactory: Skipping org.apache.jmeter.extractor.BSFPostProcessor
2017-12-13 15:08:37,548 INFO o.a.j.g.u.MenuFactory: Skipping org.apache.jmeter.modifiers.BSFPreProcessor
2017-12-13 15:08:37,660 INFO o.a.j.p.h.s.HTTPSamplerBase: Parser for text/html is org.apache.jmeter.protocol.http.parser.LagartoBasedHtmlParser
2017-12-13 15:08:37,660 INFO o.a.j.p.h.s.HTTPSamplerBase: Parser for application/xhtml+xml is org.apache.jmeter.protocol.http.parser.LagartoBasedHtmlParser
2017-12-13 15:08:37,660 INFO o.a.j.p.h.s.HTTPSamplerBase: Parser for application/xml is org.apache.jmeter.protocol.http.parser.LagartoBasedHtmlParser
2017-12-13 15:08:37,660 INFO o.a.j.p.h.s.HTTPSamplerBase: Parser for text/xml is org.apache.jmeter.protocol.http.parser.LagartoBasedHtmlParser
2017-12-13 15:08:37,661 INFO o.a.j.p.h.s.HTTPSamplerBase: Parser for text/vnd.wap.wml is org.apache.jmeter.protocol.http.parser.RegexpHTMLParser
2017-12-13 15:08:37,661 INFO o.a.j.p.h.s.HTTPSamplerBase: Parser for text/css is org.apache.jmeter.protocol.http.parser.CssParser
2017-12-13 15:08:39,058 INFO o.a.j.e.KeyToolUtils: keytool found at 'keytool'
2017-12-13 15:08:39,058 INFO o.a.j.p.h.p.ProxyControl: HTTP(S) Test Script Recorder SSL Proxy will use keys that support embedded 3rd party resources in file D:\apache-jmeter-3.3 (1)\apache-jmeter-3.3\bin\proxyserver.jks
2017-12-13 15:08:39,302 INFO o.a.j.g.u.MenuFactory: Skipping org.apache.jmeter.protocol.java.sampler.BSFSampler
2017-12-13 15:08:39,364 INFO o.a.j.s.FileServer: Default base='D:\apache-jmeter-3.3 (1)\apache-jmeter-3.3\bin'
2017-12-13 15:08:39,489 INFO o.a.j.g.u.MenuFactory: Skipping org.apache.jmeter.protocol.mongodb.config.MongoSourceElement
2017-12-13 15:08:39,489 INFO o.a.j.g.u.MenuFactory: Skipping org.apache.jmeter.protocol.mongodb.sampler.MongoScriptSampler
2017-12-13 15:08:40,181 INFO o.a.j.g.u.MenuFactory: Skipping org.apache.jmeter.timers.BSFTimer
2017-12-13 15:08:40,238 INFO o.a.j.g.u.MenuFactory: Skipping org.apache.jmeter.visualizers.BSFListener
2017-12-13 15:08:40,466 INFO o.a.j.s.SampleResult: Note: Sample TimeStamps are START times
2017-12-13 15:08:40,467 INFO o.a.j.s.SampleResult: sampleresult.default.encoding is set to ISO-8859-1
2017-12-13 15:08:40,467 INFO o.a.j.s.SampleResult: sampleresult.useNanoTime=true
2017-12-13 15:08:40,467 INFO o.a.j.s.SampleResult: sampleresult.nanoThreadSleep=5000
